2026-01-04T11:25:20.788-05:00  INFO 24972 --- [marketdata] [main] c.z.marketdata.MarketdataApplication     : Starting MarketdataApplication using Java 25 with PID 24972 (/Users/zm/Documents/Github_Projects/marketdata/target/classes started by zm in /Users/zm/Documents/Github_Projects/marketdata)
2026-01-04T11:25:20.789-05:00  INFO 24972 --- [marketdata] [main] c.z.marketdata.MarketdataApplication     : No active profile set, falling back to 1 default profile: "default"
2026-01-04T11:25:21.197-05:00  INFO 24972 --- [marketdata] [main] .s.d.r.c.RepositoryConfigurationDelegate : Bootstrapping Spring Data JPA repositories in DEFAULT mode.
2026-01-04T11:25:21.229-05:00  INFO 24972 --- [marketdata] [main] .s.d.r.c.RepositoryConfigurationDelegate : Finished Spring Data repository scanning in 26 ms. Found 5 JPA repository interfaces.
2026-01-04T11:25:21.524-05:00  INFO 24972 --- [marketdata] [main] o.s.boot.tomcat.TomcatWebServer          : Tomcat initialized with port 8080 (http)
2026-01-04T11:25:21.533-05:00  INFO 24972 --- [marketdata] [main] o.apache.catalina.core.StandardService   : Starting service [Tomcat]
2026-01-04T11:25:21.533-05:00  INFO 24972 --- [marketdata] [main] o.apache.catalina.core.StandardEngine    : Starting Servlet engine: [Apache Tomcat/11.0.15]
2026-01-04T11:25:21.558-05:00  INFO 24972 --- [marketdata] [main] b.w.c.s.WebApplicationContextInitializer : Root WebApplicationContext: initialization completed in 745 ms
2026-01-04T11:25:21.805-05:00  INFO 24972 --- [marketdata] [main] com.zaxxer.hikari.HikariDataSource       : HikariPool-1 - Starting...
2026-01-04T11:25:21.913-05:00  INFO 24972 --- [marketdata] [main] com.zaxxer.hikari.pool.HikariPool        : HikariPool-1 - Added connection org.postgresql.jdbc.PgConnection@18513c23
2026-01-04T11:25:21.913-05:00  INFO 24972 --- [marketdata] [main] com.zaxxer.hikari.HikariDataSource       : HikariPool-1 - Start completed.
2026-01-04T11:25:21.928-05:00  INFO 24972 --- [marketdata] [main] org.flywaydb.core.FlywayExecutor         : Database: jdbc:postgresql://localhost:5433/marketdata (PostgreSQL 16.11)
2026-01-04T11:25:21.964-05:00  INFO 24972 --- [marketdata] [main] o.f.core.internal.command.DbValidate     : Successfully validated 4 migrations (execution time 00:00.015s)
2026-01-04T11:25:21.996-05:00  INFO 24972 --- [marketdata] [main] o.f.core.internal.command.DbMigrate      : Current version of schema "public": 4
2026-01-04T11:25:21.998-05:00  INFO 24972 --- [marketdata] [main] o.f.core.internal.command.DbMigrate      : Schema "public" is up to date. No migration necessary.
2026-01-04T11:25:22.049-05:00  INFO 24972 --- [marketdata] [main] org.hibernate.orm.jpa                    : HHH008540: Processing PersistenceUnitInfo [name: default]
2026-01-04T11:25:22.091-05:00  INFO 24972 --- [marketdata] [main] org.hibernate.orm.core                   : HHH000001: Hibernate ORM core version 7.2.0.Final
2026-01-04T11:25:22.312-05:00  INFO 24972 --- [marketdata] [main] o.s.o.j.p.SpringPersistenceUnitInfo      : No LoadTimeWeaver setup: ignoring JPA class transformer
2026-01-04T11:25:22.378-05:00  INFO 24972 --- [marketdata] [main] org.hibernate.orm.connections.pooling    : HHH10001005: Database info:
	Database JDBC URL [jdbc:postgresql://localhost:5433/marketdata]
	Database driver: PostgreSQL JDBC Driver
	Database dialect: PostgreSQLDialect
	Database version: 16.11
	Default catalog/schema: marketdata/public
	Autocommit mode: undefined/unknown
	Isolation level: READ_COMMITTED [default READ_COMMITTED]
	JDBC fetch size: none
	Pool: DataSourceConnectionProvider
	Minimum pool size: undefined/unknown
	Maximum pool size: undefined/unknown
2026-01-04T11:25:22.867-05:00  INFO 24972 --- [marketdata] [main] org.hibernate.orm.core                   : HHH000489: No JTA platform available (set 'hibernate.transaction.jta.platform' to enable JTA platform integration)
2026-01-04T11:25:22.892-05:00  INFO 24972 --- [marketdata] [main] j.LocalContainerEntityManagerFactoryBean : Initialized JPA EntityManagerFactory for persistence unit 'default'
2026-01-04T11:25:23.036-05:00  INFO 24972 --- [marketdata] [main] o.s.d.j.r.query.QueryEnhancerFactories   : Hibernate is in classpath; If applicable, HQL parser will be used.
2026-01-04T11:25:23.213-05:00  INFO 24972 --- [marketdata] [main] o.s.b.w.a.WelcomePageHandlerMapping      : Adding welcome page: class path resource [static/index.html]
2026-01-04T11:25:23.428-05:00  INFO 24972 --- [marketdata] [main] o.s.b.a.e.web.EndpointLinksResolver      : Exposing 3 endpoints beneath base path '/actuator'
2026-01-04T11:25:23.467-05:00  INFO 24972 --- [marketdata] [main] o.s.boot.tomcat.TomcatWebServer          : Tomcat started on port 8080 (http) with context path '/'
2026-01-04T11:25:23.472-05:00  INFO 24972 --- [marketdata] [main] c.z.marketdata.MarketdataApplication     : Started MarketdataApplication in 2.916 seconds (process running for 3.106)
2026-01-04T11:25:31.398-05:00  INFO 24972 --- [marketdata] [http-nio-8080-exec-1] o.a.c.c.C.[Tomcat].[localhost].[/]       : Initializing Spring DispatcherServlet 'dispatcherServlet'
2026-01-04T11:25:31.399-05:00  INFO 24972 --- [marketdata] [http-nio-8080-exec-1] o.s.web.servlet.DispatcherServlet        : Initializing Servlet 'dispatcherServlet'
2026-01-04T11:25:31.401-05:00  INFO 24972 --- [marketdata] [http-nio-8080-exec-1] o.s.web.servlet.DispatcherServlet        : Completed initialization in 2 ms
2026-01-04T11:25:32.623-05:00 ERROR 24972 --- [marketdata] [http-nio-8080-exec-1] o.a.c.c.C.[.[.[/].[dispatcherServlet]    : Servlet.service() for servlet [dispatcherServlet] in context with path [] threw exception [Request processing failed: org.springframework.transaction.UnexpectedRollbackException: Transaction silently rolled back because it has been marked as rollback-only] with root cause

org.springframework.transaction.UnexpectedRollbackException: Transaction silently rolled back because it has been marked as rollback-only
	at org.springframework.transaction.support.AbstractPlatformTransactionManager.processCommit(AbstractPlatformTransactionManager.java:803) ~[spring-tx-7.0.2.jar:7.0.2]
	at org.springframework.transaction.support.AbstractPlatformTransactionManager.commit(AbstractPlatformTransactionManager.java:757) ~[spring-tx-7.0.2.jar:7.0.2]
	at org.springframework.transaction.interceptor.TransactionAspectSupport.commitTransactionAfterReturning(TransactionAspectSupport.java:684) ~[spring-tx-7.0.2.jar:7.0.2]
	at org.springframework.transaction.interceptor.TransactionAspectSupport.invokeWithinTransaction(TransactionAspectSupport.java:406) ~[spring-tx-7.0.2.jar:7.0.2]
	at org.springframework.transaction.interceptor.TransactionInterceptor.invoke(TransactionInterceptor.java:118) ~[spring-tx-7.0.2.jar:7.0.2]
	at org.springframework.aop.framework.ReflectiveMethodInvocation.proceed(ReflectiveMethodInvocation.java:179) ~[spring-aop-7.0.2.jar:7.0.2]
	at org.springframework.aop.framework.CglibAopProxy$DynamicAdvisedInterceptor.intercept(CglibAopProxy.java:719) ~[spring-aop-7.0.2.jar:7.0.2]
	at com.zubairmuwwakil.marketdata.service.ingestion.IngestionService$$SpringCGLIB$$0.ingestDaily(<generated>) ~[classes/:na]
	at com.zubairmuwwakil.marketdata.controller.IngestionController.ingest(IngestionController.java:20) ~[classes/:na]
	at java.base/jdk.internal.reflect.DirectMethodHandleAccessor.invoke(DirectMethodHandleAccessor.java:104) ~[na:na]
	at java.base/java.lang.reflect.Method.invoke(Method.java:565) ~[na:na]
	at org.springframework.web.method.support.InvocableHandlerMethod.doInvoke(InvocableHandlerMethod.java:258) ~[spring-web-7.0.2.jar:7.0.2]
	at org.springframework.web.method.support.InvocableHandlerMethod.invokeForRequest(InvocableHandlerMethod.java:190) ~[spring-web-7.0.2.jar:7.0.2]
	at org.springframework.web.servlet.mvc.method.annotation.ServletInvocableHandlerMethod.invokeAndHandle(ServletInvocableHandlerMethod.java:117) ~[spring-webmvc-7.0.2.jar:7.0.2]
	at org.springframework.web.servlet.mvc.method.annotation.RequestMappingHandlerAdapter.invokeHandlerMethod(RequestMappingHandlerAdapter.java:934) ~[spring-webmvc-7.0.2.jar:7.0.2]
	at org.springframework.web.servlet.mvc.method.annotation.RequestMappingHandlerAdapter.handleInternal(RequestMappingHandlerAdapter.java:853) ~[spring-webmvc-7.0.2.jar:7.0.2]
	at org.springframework.web.servlet.mvc.method.AbstractHandlerMethodAdapter.handle(AbstractHandlerMethodAdapter.java:86) ~[spring-webmvc-7.0.2.jar:7.0.2]
	at org.springframework.web.servlet.DispatcherServlet.doDispatch(DispatcherServlet.java:963) ~[spring-webmvc-7.0.2.jar:7.0.2]
	at org.springframework.web.servlet.DispatcherServlet.doService(DispatcherServlet.java:866) ~[spring-webmvc-7.0.2.jar:7.0.2]
	at org.springframework.web.servlet.FrameworkServlet.processRequest(FrameworkServlet.java:1003) ~[spring-webmvc-7.0.2.jar:7.0.2]
	at org.springframework.web.servlet.FrameworkServlet.doPost(FrameworkServlet.java:903) ~[spring-webmvc-7.0.2.jar:7.0.2]
	at jakarta.servlet.http.HttpServlet.service(HttpServlet.java:649) ~[tomcat-embed-core-11.0.15.jar:6.1]
	at org.springframework.web.servlet.FrameworkServlet.service(FrameworkServlet.java:874) ~[spring-webmvc-7.0.2.jar:7.0.2]
	at jakarta.servlet.http.HttpServlet.service(HttpServlet.java:710) ~[tomcat-embed-core-11.0.15.jar:6.1]
	at org.apache.catalina.core.ApplicationFilterChain.doFilter(ApplicationFilterChain.java:128) ~[tomcat-embed-core-11.0.15.jar:11.0.15]
	at org.apache.tomcat.websocket.server.WsFilter.doFilter(WsFilter.java:53) ~[tomcat-embed-websocket-11.0.15.jar:11.0.15]
	at org.apache.catalina.core.ApplicationFilterChain.doFilter(ApplicationFilterChain.java:107) ~[tomcat-embed-core-11.0.15.jar:11.0.15]
	at org.springframework.web.filter.RequestContextFilter.doFilterInternal(RequestContextFilter.java:100) ~[spring-web-7.0.2.jar:7.0.2]
	at org.springframework.web.filter.OncePerRequestFilter.doFilter(OncePerRequestFilter.java:116) ~[spring-web-7.0.2.jar:7.0.2]
	at org.apache.catalina.core.ApplicationFilterChain.doFilter(ApplicationFilterChain.java:107) ~[tomcat-embed-core-11.0.15.jar:11.0.15]
	at org.springframework.web.filter.FormContentFilter.doFilterInternal(FormContentFilter.java:93) ~[spring-web-7.0.2.jar:7.0.2]
	at org.springframework.web.filter.OncePerRequestFilter.doFilter(OncePerRequestFilter.java:116) ~[spring-web-7.0.2.jar:7.0.2]
	at org.apache.catalina.core.ApplicationFilterChain.doFilter(ApplicationFilterChain.java:107) ~[tomcat-embed-core-11.0.15.jar:11.0.15]
	at org.springframework.web.filter.ServerHttpObservationFilter.doFilterInternal(ServerHttpObservationFilter.java:110) ~[spring-web-7.0.2.jar:7.0.2]
	at org.springframework.web.filter.OncePerRequestFilter.doFilter(OncePerRequestFilter.java:116) ~[spring-web-7.0.2.jar:7.0.2]
	at org.apache.catalina.core.ApplicationFilterChain.doFilter(ApplicationFilterChain.java:107) ~[tomcat-embed-core-11.0.15.jar:11.0.15]
	at org.springframework.web.filter.CharacterEncodingFilter.doFilterInternal(CharacterEncodingFilter.java:199) ~[spring-web-7.0.2.jar:7.0.2]
	at org.springframework.web.filter.OncePerRequestFilter.doFilter(OncePerRequestFilter.java:116) ~[spring-web-7.0.2.jar:7.0.2]
	at org.apache.catalina.core.ApplicationFilterChain.doFilter(ApplicationFilterChain.java:107) ~[tomcat-embed-core-11.0.15.jar:11.0.15]
	at org.apache.catalina.core.StandardWrapperValve.invoke(StandardWrapperValve.java:165) ~[tomcat-embed-core-11.0.15.jar:11.0.15]
	at org.apache.catalina.core.StandardContextValve.invoke(StandardContextValve.java:77) ~[tomcat-embed-core-11.0.15.jar:11.0.15]
	at org.apache.catalina.authenticator.AuthenticatorBase.invoke(AuthenticatorBase.java:482) ~[tomcat-embed-core-11.0.15.jar:11.0.15]
	at org.apache.catalina.core.StandardHostValve.invoke(StandardHostValve.java:113) ~[tomcat-embed-core-11.0.15.jar:11.0.15]
	at org.apache.catalina.valves.ErrorReportValve.invoke(ErrorReportValve.java:83) ~[tomcat-embed-core-11.0.15.jar:11.0.15]
	at org.apache.catalina.core.StandardEngineValve.invoke(StandardEngineValve.java:72) ~[tomcat-embed-core-11.0.15.jar:11.0.15]
	at org.apache.catalina.connector.CoyoteAdapter.service(CoyoteAdapter.java:341) ~[tomcat-embed-core-11.0.15.jar:11.0.15]
	at org.apache.coyote.http11.Http11Processor.service(Http11Processor.java:397) ~[tomcat-embed-core-11.0.15.jar:11.0.15]
	at org.apache.coyote.AbstractProcessorLight.process(AbstractProcessorLight.java:63) ~[tomcat-embed-core-11.0.15.jar:11.0.15]
	at org.apache.coyote.AbstractProtocol$ConnectionHandler.process(AbstractProtocol.java:903) ~[tomcat-embed-core-11.0.15.jar:11.0.15]
	at org.apache.tomcat.util.net.NioEndpoint$SocketProcessor.doRun(NioEndpoint.java:1778) ~[tomcat-embed-core-11.0.15.jar:11.0.15]
	at org.apache.tomcat.util.net.SocketProcessorBase.run(SocketProcessorBase.java:52) ~[tomcat-embed-core-11.0.15.jar:11.0.15]
	at org.apache.tomcat.util.threads.ThreadPoolExecutor.runWorker(ThreadPoolExecutor.java:946) ~[tomcat-embed-core-11.0.15.jar:11.0.15]
	at org.apache.tomcat.util.threads.ThreadPoolExecutor$Worker.run(ThreadPoolExecutor.java:480) ~[tomcat-embed-core-11.0.15.jar:11.0.15]
	at org.apache.tomcat.util.threads.TaskThread$WrappingRunnable.run(TaskThread.java:57) ~[tomcat-embed-core-11.0.15.jar:11.0.15]
	at java.base/java.lang.Thread.run(Thread.java:1474) ~[na:na]

2026-01-04T11:28:46.998-05:00  INFO 24972 --- [marketdata] [SpringApplicationShutdownHook] o.s.boot.tomcat.GracefulShutdown         : Commencing graceful shutdown. Waiting for active requests to complete
2026-01-04T11:28:47.011-05:00  INFO 24972 --- [marketdata] [tomcat-shutdown] o.s.boot.tomcat.GracefulShutdown         : Graceful shutdown complete
2026-01-04T11:28:47.018-05:00  INFO 24972 --- [marketdata] [SpringApplicationShutdownHook] j.LocalContainerEntityManagerFactoryBean : Closing JPA EntityManagerFactory for persistence unit 'default'
2026-01-04T11:28:47.022-05:00  INFO 24972 --- [marketdata] [SpringApplicationShutdownHook] com.zaxxer.hikari.HikariDataSource       : HikariPool-1 - Shutdown initiated...
2026-01-04T11:28:47.024-05:00  INFO 24972 --- [marketdata] [SpringApplicationShutdownHook] com.zaxxer.hikari.HikariDataSource       : HikariPool-1 - Shutdown completed.
2026-01-04T11:28:53.713-05:00  INFO 25933 --- [marketdata] [main] c.z.marketdata.MarketdataApplication     : Starting MarketdataApplication using Java 25 with PID 25933 (/Users/zm/Documents/Github_Projects/marketdata/target/classes started by zm in /Users/zm/Documents/Github_Projects/marketdata)
2026-01-04T11:28:53.714-05:00  INFO 25933 --- [marketdata] [main] c.z.marketdata.MarketdataApplication     : No active profile set, falling back to 1 default profile: "default"
2026-01-04T11:28:54.087-05:00  INFO 25933 --- [marketdata] [main] .s.d.r.c.RepositoryConfigurationDelegate : Bootstrapping Spring Data JPA repositories in DEFAULT mode.
2026-01-04T11:28:54.117-05:00  INFO 25933 --- [marketdata] [main] .s.d.r.c.RepositoryConfigurationDelegate : Finished Spring Data repository scanning in 24 ms. Found 5 JPA repository interfaces.
2026-01-04T11:28:54.383-05:00  INFO 25933 --- [marketdata] [main] o.s.boot.tomcat.TomcatWebServer          : Tomcat initialized with port 8080 (http)
2026-01-04T11:28:54.390-05:00  INFO 25933 --- [marketdata] [main] o.apache.catalina.core.StandardService   : Starting service [Tomcat]
2026-01-04T11:28:54.390-05:00  INFO 25933 --- [marketdata] [main] o.apache.catalina.core.StandardEngine    : Starting Servlet engine: [Apache Tomcat/11.0.15]
2026-01-04T11:28:54.412-05:00  INFO 25933 --- [marketdata] [main] b.w.c.s.WebApplicationContextInitializer : Root WebApplicationContext: initialization completed in 675 ms
2026-01-04T11:28:54.643-05:00  INFO 25933 --- [marketdata] [main] com.zaxxer.hikari.HikariDataSource       : HikariPool-1 - Starting...
2026-01-04T11:28:54.728-05:00  INFO 25933 --- [marketdata] [main] com.zaxxer.hikari.pool.HikariPool        : HikariPool-1 - Added connection org.postgresql.jdbc.PgConnection@727dcc64
2026-01-04T11:28:54.729-05:00  INFO 25933 --- [marketdata] [main] com.zaxxer.hikari.HikariDataSource       : HikariPool-1 - Start completed.
2026-01-04T11:28:54.743-05:00  INFO 25933 --- [marketdata] [main] org.flywaydb.core.FlywayExecutor         : Database: jdbc:postgresql://localhost:5433/marketdata (PostgreSQL 16.11)
2026-01-04T11:28:54.771-05:00  INFO 25933 --- [marketdata] [main] o.f.core.internal.command.DbValidate     : Successfully validated 4 migrations (execution time 00:00.012s)
2026-01-04T11:28:54.800-05:00  INFO 25933 --- [marketdata] [main] o.f.core.internal.command.DbMigrate      : Current version of schema "public": 4
2026-01-04T11:28:54.802-05:00  INFO 25933 --- [marketdata] [main] o.f.core.internal.command.DbMigrate      : Schema "public" is up to date. No migration necessary.
2026-01-04T11:28:54.840-05:00  INFO 25933 --- [marketdata] [main] org.hibernate.orm.jpa                    : HHH008540: Processing PersistenceUnitInfo [name: default]
2026-01-04T11:28:54.870-05:00  INFO 25933 --- [marketdata] [main] org.hibernate.orm.core                   : HHH000001: Hibernate ORM core version 7.2.0.Final
2026-01-04T11:28:55.064-05:00  INFO 25933 --- [marketdata] [main] o.s.o.j.p.SpringPersistenceUnitInfo      : No LoadTimeWeaver setup: ignoring JPA class transformer
2026-01-04T11:28:55.121-05:00  INFO 25933 --- [marketdata] [main] org.hibernate.orm.connections.pooling    : HHH10001005: Database info:
	Database JDBC URL [jdbc:postgresql://localhost:5433/marketdata]
	Database driver: PostgreSQL JDBC Driver
	Database dialect: PostgreSQLDialect
	Database version: 16.11
	Default catalog/schema: marketdata/public
	Autocommit mode: undefined/unknown
	Isolation level: READ_COMMITTED [default READ_COMMITTED]
	JDBC fetch size: none
	Pool: DataSourceConnectionProvider
	Minimum pool size: undefined/unknown
	Maximum pool size: undefined/unknown
2026-01-04T11:28:55.580-05:00  INFO 25933 --- [marketdata] [main] org.hibernate.orm.core                   : HHH000489: No JTA platform available (set 'hibernate.transaction.jta.platform' to enable JTA platform integration)
2026-01-04T11:28:55.611-05:00  INFO 25933 --- [marketdata] [main] j.LocalContainerEntityManagerFactoryBean : Initialized JPA EntityManagerFactory for persistence unit 'default'
2026-01-04T11:28:55.731-05:00  INFO 25933 --- [marketdata] [main] o.s.d.j.r.query.QueryEnhancerFactories   : Hibernate is in classpath; If applicable, HQL parser will be used.
2026-01-04T11:28:55.900-05:00  INFO 25933 --- [marketdata] [main] o.s.b.w.a.WelcomePageHandlerMapping      : Adding welcome page: class path resource [static/index.html]
2026-01-04T11:28:56.099-05:00  INFO 25933 --- [marketdata] [main] o.s.b.a.e.web.EndpointLinksResolver      : Exposing 3 endpoints beneath base path '/actuator'
2026-01-04T11:28:56.137-05:00  INFO 25933 --- [marketdata] [main] o.s.boot.tomcat.TomcatWebServer          : Tomcat started on port 8080 (http) with context path '/'
2026-01-04T11:28:56.143-05:00  INFO 25933 --- [marketdata] [main] c.z.marketdata.MarketdataApplication     : Started MarketdataApplication in 2.639 seconds (process running for 2.809)
2026-01-04T11:28:59.593-05:00  INFO 25933 --- [marketdata] [http-nio-8080-exec-1] o.a.c.c.C.[Tomcat].[localhost].[/]       : Initializing Spring DispatcherServlet 'dispatcherServlet'
2026-01-04T11:28:59.593-05:00  INFO 25933 --- [marketdata] [http-nio-8080-exec-1] o.s.web.servlet.DispatcherServlet        : Initializing Servlet 'dispatcherServlet'
2026-01-04T11:28:59.594-05:00  INFO 25933 --- [marketdata] [http-nio-8080-exec-1] o.s.web.servlet.DispatcherServlet        : Completed initialization in 1 ms
2026-01-04T11:31:04.538-05:00  INFO 25933 --- [marketdata] [SpringApplicationShutdownHook] o.s.boot.tomcat.GracefulShutdown         : Commencing graceful shutdown. Waiting for active requests to complete
2026-01-04T11:31:04.548-05:00  INFO 25933 --- [marketdata] [tomcat-shutdown] o.s.boot.tomcat.GracefulShutdown         : Graceful shutdown complete
2026-01-04T11:31:04.554-05:00  INFO 25933 --- [marketdata] [SpringApplicationShutdownHook] j.LocalContainerEntityManagerFactoryBean : Closing JPA EntityManagerFactory for persistence unit 'default'
2026-01-04T11:31:04.557-05:00  INFO 25933 --- [marketdata] [SpringApplicationShutdownHook] com.zaxxer.hikari.HikariDataSource       : HikariPool-1 - Shutdown initiated...
2026-01-04T11:31:04.560-05:00  INFO 25933 --- [marketdata] [SpringApplicationShutdownHook] com.zaxxer.hikari.HikariDataSource       : HikariPool-1 - Shutdown completed.
2026-01-04T11:31:11.010-05:00  INFO 26741 --- [marketdata] [main] c.z.marketdata.MarketdataApplication     : Starting MarketdataApplication using Java 25 with PID 26741 (/Users/zm/Documents/Github_Projects/marketdata/target/classes started by zm in /Users/zm/Documents/Github_Projects/marketdata)
2026-01-04T11:31:11.011-05:00  INFO 26741 --- [marketdata] [main] c.z.marketdata.MarketdataApplication     : No active profile set, falling back to 1 default profile: "default"
2026-01-04T11:31:11.374-05:00  INFO 26741 --- [marketdata] [main] .s.d.r.c.RepositoryConfigurationDelegate : Bootstrapping Spring Data JPA repositories in DEFAULT mode.
2026-01-04T11:31:11.406-05:00  INFO 26741 --- [marketdata] [main] .s.d.r.c.RepositoryConfigurationDelegate : Finished Spring Data repository scanning in 27 ms. Found 5 JPA repository interfaces.
2026-01-04T11:31:11.681-05:00  INFO 26741 --- [marketdata] [main] o.s.boot.tomcat.TomcatWebServer          : Tomcat initialized with port 8080 (http)
2026-01-04T11:31:11.688-05:00  INFO 26741 --- [marketdata] [main] o.apache.catalina.core.StandardService   : Starting service [Tomcat]
2026-01-04T11:31:11.688-05:00  INFO 26741 --- [marketdata] [main] o.apache.catalina.core.StandardEngine    : Starting Servlet engine: [Apache Tomcat/11.0.15]
2026-01-04T11:31:11.710-05:00  INFO 26741 --- [marketdata] [main] b.w.c.s.WebApplicationContextInitializer : Root WebApplicationContext: initialization completed in 676 ms
2026-01-04T11:31:11.941-05:00  INFO 26741 --- [marketdata] [main] com.zaxxer.hikari.HikariDataSource       : HikariPool-1 - Starting...
2026-01-04T11:31:12.032-05:00  INFO 26741 --- [marketdata] [main] com.zaxxer.hikari.pool.HikariPool        : HikariPool-1 - Added connection org.postgresql.jdbc.PgConnection@727dcc64
2026-01-04T11:31:12.033-05:00  INFO 26741 --- [marketdata] [main] com.zaxxer.hikari.HikariDataSource       : HikariPool-1 - Start completed.
2026-01-04T11:31:12.048-05:00  INFO 26741 --- [marketdata] [main] org.flywaydb.core.FlywayExecutor         : Database: jdbc:postgresql://localhost:5433/marketdata (PostgreSQL 16.11)
2026-01-04T11:31:12.086-05:00  INFO 26741 --- [marketdata] [main] o.f.core.internal.command.DbValidate     : Successfully validated 4 migrations (execution time 00:00.016s)
2026-01-04T11:31:12.114-05:00  INFO 26741 --- [marketdata] [main] o.f.core.internal.command.DbMigrate      : Current version of schema "public": 4
2026-01-04T11:31:12.116-05:00  INFO 26741 --- [marketdata] [main] o.f.core.internal.command.DbMigrate      : Schema "public" is up to date. No migration necessary.
2026-01-04T11:31:12.156-05:00  INFO 26741 --- [marketdata] [main] org.hibernate.orm.jpa                    : HHH008540: Processing PersistenceUnitInfo [name: default]
2026-01-04T11:31:12.183-05:00  INFO 26741 --- [marketdata] [main] org.hibernate.orm.core                   : HHH000001: Hibernate ORM core version 7.2.0.Final
2026-01-04T11:31:12.392-05:00  INFO 26741 --- [marketdata] [main] o.s.o.j.p.SpringPersistenceUnitInfo      : No LoadTimeWeaver setup: ignoring JPA class transformer
2026-01-04T11:31:12.442-05:00  INFO 26741 --- [marketdata] [main] org.hibernate.orm.connections.pooling    : HHH10001005: Database info:
	Database JDBC URL [jdbc:postgresql://localhost:5433/marketdata]
	Database driver: PostgreSQL JDBC Driver
	Database dialect: PostgreSQLDialect
	Database version: 16.11
	Default catalog/schema: marketdata/public
	Autocommit mode: undefined/unknown
	Isolation level: READ_COMMITTED [default READ_COMMITTED]
	JDBC fetch size: none
	Pool: DataSourceConnectionProvider
	Minimum pool size: undefined/unknown
	Maximum pool size: undefined/unknown
2026-01-04T11:31:12.910-05:00  INFO 26741 --- [marketdata] [main] org.hibernate.orm.core                   : HHH000489: No JTA platform available (set 'hibernate.transaction.jta.platform' to enable JTA platform integration)
2026-01-04T11:31:12.941-05:00  INFO 26741 --- [marketdata] [main] j.LocalContainerEntityManagerFactoryBean : Initialized JPA EntityManagerFactory for persistence unit 'default'
2026-01-04T11:31:13.059-05:00  INFO 26741 --- [marketdata] [main] o.s.d.j.r.query.QueryEnhancerFactories   : Hibernate is in classpath; If applicable, HQL parser will be used.
2026-01-04T11:31:13.221-05:00  INFO 26741 --- [marketdata] [main] o.s.b.w.a.WelcomePageHandlerMapping      : Adding welcome page: class path resource [static/index.html]
2026-01-04T11:31:13.417-05:00  INFO 26741 --- [marketdata] [main] o.s.b.a.e.web.EndpointLinksResolver      : Exposing 3 endpoints beneath base path '/actuator'
2026-01-04T11:31:13.456-05:00  INFO 26741 --- [marketdata] [main] o.s.boot.tomcat.TomcatWebServer          : Tomcat started on port 8080 (http) with context path '/'
2026-01-04T11:31:13.460-05:00  INFO 26741 --- [marketdata] [main] c.z.marketdata.MarketdataApplication     : Started MarketdataApplication in 2.66 seconds (process running for 2.838)
2026-01-04T11:31:15.467-05:00  INFO 26741 --- [marketdata] [http-nio-8080-exec-1] o.a.c.c.C.[Tomcat].[localhost].[/]       : Initializing Spring DispatcherServlet 'dispatcherServlet'
2026-01-04T11:31:15.468-05:00  INFO 26741 --- [marketdata] [http-nio-8080-exec-1] o.s.web.servlet.DispatcherServlet        : Initializing Servlet 'dispatcherServlet'
2026-01-04T11:31:15.469-05:00  INFO 26741 --- [marketdata] [http-nio-8080-exec-1] o.s.web.servlet.DispatcherServlet        : Completed initialization in 1 ms
2026-01-04T11:33:01.893-05:00  INFO 26741 --- [marketdata] [SpringApplicationShutdownHook] o.s.boot.tomcat.GracefulShutdown         : Commencing graceful shutdown. Waiting for active requests to complete
2026-01-04T11:33:01.903-05:00  INFO 26741 --- [marketdata] [tomcat-shutdown] o.s.boot.tomcat.GracefulShutdown         : Graceful shutdown complete
2026-01-04T11:33:01.909-05:00  INFO 26741 --- [marketdata] [SpringApplicationShutdownHook] j.LocalContainerEntityManagerFactoryBean : Closing JPA EntityManagerFactory for persistence unit 'default'
2026-01-04T11:33:01.913-05:00  INFO 26741 --- [marketdata] [SpringApplicationShutdownHook] com.zaxxer.hikari.HikariDataSource       : HikariPool-1 - Shutdown initiated...
2026-01-04T11:33:01.915-05:00  INFO 26741 --- [marketdata] [SpringApplicationShutdownHook] com.zaxxer.hikari.HikariDataSource       : HikariPool-1 - Shutdown completed.
2026-01-04T11:33:08.482-05:00  INFO 27311 --- [marketdata] [main] c.z.marketdata.MarketdataApplication     : Starting MarketdataApplication using Java 25 with PID 27311 (/Users/zm/Documents/Github_Projects/marketdata/target/classes started by zm in /Users/zm/Documents/Github_Projects/marketdata)
2026-01-04T11:33:08.484-05:00  INFO 27311 --- [marketdata] [main] c.z.marketdata.MarketdataApplication     : No active profile set, falling back to 1 default profile: "default"
2026-01-04T11:33:08.855-05:00  INFO 27311 --- [marketdata] [main] .s.d.r.c.RepositoryConfigurationDelegate : Bootstrapping Spring Data JPA repositories in DEFAULT mode.
2026-01-04T11:33:08.885-05:00  INFO 27311 --- [marketdata] [main] .s.d.r.c.RepositoryConfigurationDelegate : Finished Spring Data repository scanning in 24 ms. Found 5 JPA repository interfaces.
2026-01-04T11:33:09.155-05:00  INFO 27311 --- [marketdata] [main] o.s.boot.tomcat.TomcatWebServer          : Tomcat initialized with port 8080 (http)
2026-01-04T11:33:09.162-05:00  INFO 27311 --- [marketdata] [main] o.apache.catalina.core.StandardService   : Starting service [Tomcat]
2026-01-04T11:33:09.162-05:00  INFO 27311 --- [marketdata] [main] o.apache.catalina.core.StandardEngine    : Starting Servlet engine: [Apache Tomcat/11.0.15]
2026-01-04T11:33:09.184-05:00  INFO 27311 --- [marketdata] [main] b.w.c.s.WebApplicationContextInitializer : Root WebApplicationContext: initialization completed in 678 ms
2026-01-04T11:33:09.410-05:00  INFO 27311 --- [marketdata] [main] com.zaxxer.hikari.HikariDataSource       : HikariPool-1 - Starting...
2026-01-04T11:33:09.501-05:00  INFO 27311 --- [marketdata] [main] com.zaxxer.hikari.pool.HikariPool        : HikariPool-1 - Added connection org.postgresql.jdbc.PgConnection@727dcc64
2026-01-04T11:33:09.501-05:00  INFO 27311 --- [marketdata] [main] com.zaxxer.hikari.HikariDataSource       : HikariPool-1 - Start completed.
2026-01-04T11:33:09.521-05:00  INFO 27311 --- [marketdata] [main] org.flywaydb.core.FlywayExecutor         : Database: jdbc:postgresql://localhost:5433/marketdata (PostgreSQL 16.11)
2026-01-04T11:33:09.551-05:00  INFO 27311 --- [marketdata] [main] o.f.core.internal.command.DbValidate     : Successfully validated 4 migrations (execution time 00:00.013s)
2026-01-04T11:33:09.578-05:00  INFO 27311 --- [marketdata] [main] o.f.core.internal.command.DbMigrate      : Current version of schema "public": 4
2026-01-04T11:33:09.580-05:00  INFO 27311 --- [marketdata] [main] o.f.core.internal.command.DbMigrate      : Schema "public" is up to date. No migration necessary.
2026-01-04T11:33:09.620-05:00  INFO 27311 --- [marketdata] [main] org.hibernate.orm.jpa                    : HHH008540: Processing PersistenceUnitInfo [name: default]
2026-01-04T11:33:09.649-05:00  INFO 27311 --- [marketdata] [main] org.hibernate.orm.core                   : HHH000001: Hibernate ORM core version 7.2.0.Final
2026-01-04T11:33:09.851-05:00  INFO 27311 --- [marketdata] [main] o.s.o.j.p.SpringPersistenceUnitInfo      : No LoadTimeWeaver setup: ignoring JPA class transformer
2026-01-04T11:33:09.903-05:00  INFO 27311 --- [marketdata] [main] org.hibernate.orm.connections.pooling    : HHH10001005: Database info:
	Database JDBC URL [jdbc:postgresql://localhost:5433/marketdata]
	Database driver: PostgreSQL JDBC Driver
	Database dialect: PostgreSQLDialect
	Database version: 16.11
	Default catalog/schema: marketdata/public
	Autocommit mode: undefined/unknown
	Isolation level: READ_COMMITTED [default READ_COMMITTED]
	JDBC fetch size: none
	Pool: DataSourceConnectionProvider
	Minimum pool size: undefined/unknown
	Maximum pool size: undefined/unknown
2026-01-04T11:33:10.363-05:00  INFO 27311 --- [marketdata] [main] org.hibernate.orm.core                   : HHH000489: No JTA platform available (set 'hibernate.transaction.jta.platform' to enable JTA platform integration)
2026-01-04T11:33:10.390-05:00  INFO 27311 --- [marketdata] [main] j.LocalContainerEntityManagerFactoryBean : Initialized JPA EntityManagerFactory for persistence unit 'default'
2026-01-04T11:33:10.509-05:00  INFO 27311 --- [marketdata] [main] o.s.d.j.r.query.QueryEnhancerFactories   : Hibernate is in classpath; If applicable, HQL parser will be used.
2026-01-04T11:33:10.670-05:00  INFO 27311 --- [marketdata] [main] o.s.b.w.a.WelcomePageHandlerMapping      : Adding welcome page: class path resource [static/index.html]
2026-01-04T11:33:10.865-05:00  INFO 27311 --- [marketdata] [main] o.s.b.a.e.web.EndpointLinksResolver      : Exposing 3 endpoints beneath base path '/actuator'
2026-01-04T11:33:10.901-05:00  INFO 27311 --- [marketdata] [main] o.s.boot.tomcat.TomcatWebServer          : Tomcat started on port 8080 (http) with context path '/'
2026-01-04T11:33:10.906-05:00  INFO 27311 --- [marketdata] [main] c.z.marketdata.MarketdataApplication     : Started MarketdataApplication in 2.627 seconds (process running for 2.802)
2026-01-04T11:33:13.354-05:00  INFO 27311 --- [marketdata] [http-nio-8080-exec-1] o.a.c.c.C.[Tomcat].[localhost].[/]       : Initializing Spring DispatcherServlet 'dispatcherServlet'
2026-01-04T11:33:13.354-05:00  INFO 27311 --- [marketdata] [http-nio-8080-exec-1] o.s.web.servlet.DispatcherServlet        : Initializing Servlet 'dispatcherServlet'
2026-01-04T11:33:13.355-05:00  INFO 27311 --- [marketdata] [http-nio-8080-exec-1] o.s.web.servlet.DispatcherServlet        : Completed initialization in 1 ms
2026-01-04T11:42:00.082-05:00  WARN 27311 --- [marketdata] [HikariPool-1:housekeeper] com.zaxxer.hikari.pool.HikariPool        : HikariPool-1 - Thread starvation or clock leap detected (housekeeper delta=3m20s236ms).
2026-01-04T11:45:24.765-05:00  INFO 27311 --- [marketdata] [SpringApplicationShutdownHook] o.s.boot.tomcat.GracefulShutdown         : Commencing graceful shutdown. Waiting for active requests to complete
2026-01-04T11:45:24.801-05:00  INFO 27311 --- [marketdata] [tomcat-shutdown] o.s.boot.tomcat.GracefulShutdown         : Graceful shutdown complete
2026-01-04T11:45:24.843-05:00  INFO 27311 --- [marketdata] [SpringApplicationShutdownHook] j.LocalContainerEntityManagerFactoryBean : Closing JPA EntityManagerFactory for persistence unit 'default'
2026-01-04T11:45:24.886-05:00  INFO 27311 --- [marketdata] [SpringApplicationShutdownHook] com.zaxxer.hikari.HikariDataSource       : HikariPool-1 - Shutdown initiated...
2026-01-04T11:45:24.895-05:00  INFO 27311 --- [marketdata] [SpringApplicationShutdownHook] com.zaxxer.hikari.HikariDataSource       : HikariPool-1 - Shutdown completed.
2026-01-04T11:45:31.426-05:00  INFO 30143 --- [marketdata] [main] c.z.marketdata.MarketdataApplication     : Starting MarketdataApplication using Java 25 with PID 30143 (/Users/zm/Documents/Github_Projects/marketdata/target/classes started by zm in /Users/zm/Documents/Github_Projects/marketdata)
2026-01-04T11:45:31.428-05:00  INFO 30143 --- [marketdata] [main] c.z.marketdata.MarketdataApplication     : No active profile set, falling back to 1 default profile: "default"
2026-01-04T11:45:31.817-05:00  INFO 30143 --- [marketdata] [main] .s.d.r.c.RepositoryConfigurationDelegate : Bootstrapping Spring Data JPA repositories in DEFAULT mode.
2026-01-04T11:45:31.847-05:00  INFO 30143 --- [marketdata] [main] .s.d.r.c.RepositoryConfigurationDelegate : Finished Spring Data repository scanning in 25 ms. Found 5 JPA repository interfaces.
2026-01-04T11:45:32.121-05:00  INFO 30143 --- [marketdata] [main] o.s.boot.tomcat.TomcatWebServer          : Tomcat initialized with port 8080 (http)
2026-01-04T11:45:32.129-05:00  INFO 30143 --- [marketdata] [main] o.apache.catalina.core.StandardService   : Starting service [Tomcat]
2026-01-04T11:45:32.129-05:00  INFO 30143 --- [marketdata] [main] o.apache.catalina.core.StandardEngine    : Starting Servlet engine: [Apache Tomcat/11.0.15]
2026-01-04T11:45:32.154-05:00  INFO 30143 --- [marketdata] [main] b.w.c.s.WebApplicationContextInitializer : Root WebApplicationContext: initialization completed in 703 ms
2026-01-04T11:45:32.380-05:00  INFO 30143 --- [marketdata] [main] com.zaxxer.hikari.HikariDataSource       : HikariPool-1 - Starting...
2026-01-04T11:45:32.488-05:00  INFO 30143 --- [marketdata] [main] com.zaxxer.hikari.pool.HikariPool        : HikariPool-1 - Added connection org.postgresql.jdbc.PgConnection@59e0d521
2026-01-04T11:45:32.488-05:00  INFO 30143 --- [marketdata] [main] com.zaxxer.hikari.HikariDataSource       : HikariPool-1 - Start completed.
2026-01-04T11:45:32.509-05:00  INFO 30143 --- [marketdata] [main] org.flywaydb.core.FlywayExecutor         : Database: jdbc:postgresql://localhost:5433/marketdata (PostgreSQL 16.11)
2026-01-04T11:45:32.547-05:00  INFO 30143 --- [marketdata] [main] o.f.core.internal.command.DbValidate     : Successfully validated 4 migrations (execution time 00:00.017s)
2026-01-04T11:45:32.581-05:00  INFO 30143 --- [marketdata] [main] o.f.core.internal.command.DbMigrate      : Current version of schema "public": 4
2026-01-04T11:45:32.583-05:00  INFO 30143 --- [marketdata] [main] o.f.core.internal.command.DbMigrate      : Schema "public" is up to date. No migration necessary.
2026-01-04T11:45:32.624-05:00  INFO 30143 --- [marketdata] [main] org.hibernate.orm.jpa                    : HHH008540: Processing PersistenceUnitInfo [name: default]
2026-01-04T11:45:32.656-05:00  INFO 30143 --- [marketdata] [main] org.hibernate.orm.core                   : HHH000001: Hibernate ORM core version 7.2.0.Final
2026-01-04T11:45:32.878-05:00  INFO 30143 --- [marketdata] [main] o.s.o.j.p.SpringPersistenceUnitInfo      : No LoadTimeWeaver setup: ignoring JPA class transformer
2026-01-04T11:45:32.936-05:00  INFO 30143 --- [marketdata] [main] org.hibernate.orm.connections.pooling    : HHH10001005: Database info:
	Database JDBC URL [jdbc:postgresql://localhost:5433/marketdata]
	Database driver: PostgreSQL JDBC Driver
	Database dialect: PostgreSQLDialect
	Database version: 16.11
	Default catalog/schema: marketdata/public
	Autocommit mode: undefined/unknown
	Isolation level: READ_COMMITTED [default READ_COMMITTED]
	JDBC fetch size: none
	Pool: DataSourceConnectionProvider
	Minimum pool size: undefined/unknown
	Maximum pool size: undefined/unknown
2026-01-04T11:45:33.382-05:00  INFO 30143 --- [marketdata] [main] org.hibernate.orm.core                   : HHH000489: No JTA platform available (set 'hibernate.transaction.jta.platform' to enable JTA platform integration)
2026-01-04T11:45:33.412-05:00  INFO 30143 --- [marketdata] [main] j.LocalContainerEntityManagerFactoryBean : Initialized JPA EntityManagerFactory for persistence unit 'default'
2026-01-04T11:45:33.563-05:00  INFO 30143 --- [marketdata] [main] o.s.d.j.r.query.QueryEnhancerFactories   : Hibernate is in classpath; If applicable, HQL parser will be used.
2026-01-04T11:45:33.778-05:00  INFO 30143 --- [marketdata] [main] o.s.b.w.a.WelcomePageHandlerMapping      : Adding welcome page: class path resource [static/index.html]
2026-01-04T11:45:33.995-05:00  INFO 30143 --- [marketdata] [main] o.s.b.a.e.web.EndpointLinksResolver      : Exposing 3 endpoints beneath base path '/actuator'
2026-01-04T11:45:34.037-05:00  INFO 30143 --- [marketdata] [main] o.s.boot.tomcat.TomcatWebServer          : Tomcat started on port 8080 (http) with context path '/'
2026-01-04T11:45:34.044-05:00  INFO 30143 --- [marketdata] [main] c.z.marketdata.MarketdataApplication     : Started MarketdataApplication in 2.84 seconds (process running for 3.013)
2026-01-04T11:45:43.110-05:00  INFO 30143 --- [marketdata] [http-nio-8080-exec-1] o.a.c.c.C.[Tomcat].[localhost].[/]       : Initializing Spring DispatcherServlet 'dispatcherServlet'
2026-01-04T11:45:43.110-05:00  INFO 30143 --- [marketdata] [http-nio-8080-exec-1] o.s.web.servlet.DispatcherServlet        : Initializing Servlet 'dispatcherServlet'
2026-01-04T11:45:43.112-05:00  INFO 30143 --- [marketdata] [http-nio-8080-exec-1] o.s.web.servlet.DispatcherServlet        : Completed initialization in 2 ms
2026-01-04T12:06:30.677-05:00  WARN 30143 --- [marketdata] [HikariPool-1:housekeeper] com.zaxxer.hikari.pool.HikariPool        : HikariPool-1 - Thread starvation or clock leap detected (housekeeper delta=58s37ms).
2026-01-04T12:23:57.929-05:00  WARN 30143 --- [marketdata] [HikariPool-1:housekeeper] com.zaxxer.hikari.pool.HikariPool        : HikariPool-1 - Thread starvation or clock leap detected (housekeeper delta=16m27s235ms).
2026-01-04T13:25:57.812-05:00  WARN 30143 --- [marketdata] [HikariPool-1:housekeeper] com.zaxxer.hikari.pool.HikariPool        : HikariPool-1 - Thread starvation or clock leap detected (housekeeper delta=6m28s957ms).
2026-01-04T13:31:26.530-05:00  WARN 30143 --- [marketdata] [HikariPool-1:housekeeper] com.zaxxer.hikari.pool.HikariPool        : HikariPool-1 - Thread starvation or clock leap detected (housekeeper delta=1m58s658ms).
2026-01-04T13:52:31.702-05:00  INFO 30143 --- [marketdata] [SpringApplicationShutdownHook] o.s.boot.tomcat.GracefulShutdown         : Commencing graceful shutdown. Waiting for active requests to complete
2026-01-04T13:52:31.717-05:00  INFO 30143 --- [marketdata] [tomcat-shutdown] o.s.boot.tomcat.GracefulShutdown         : Graceful shutdown complete
2026-01-04T13:52:31.734-05:00  INFO 30143 --- [marketdata] [SpringApplicationShutdownHook] j.LocalContainerEntityManagerFactoryBean : Closing JPA EntityManagerFactory for persistence unit 'default'
2026-01-04T13:52:31.740-05:00  INFO 30143 --- [marketdata] [SpringApplicationShutdownHook] com.zaxxer.hikari.HikariDataSource       : HikariPool-1 - Shutdown initiated...
2026-01-04T13:52:31.742-05:00  INFO 30143 --- [marketdata] [SpringApplicationShutdownHook] com.zaxxer.hikari.HikariDataSource       : HikariPool-1 - Shutdown completed.
